The system is: Linux - 3.10.0-1160.62.1.el7.x86_64 - x86_64
Compiling the C compiler identification source file "CMakeCCompilerId.c" succeeded.
Compiler: /home/wei02.wang/tools/llvm/14.0.0/clang+llvm-14.0.0-x86_64-linux-gnu-ubuntu-18.04/bin/clang 
Build flags: 
Id flags:  

The output was:
0


Compilation of the C compiler identification source "CMakeCCompilerId.c" produced "a.out"

The C compiler identification is Clang, found in "/home/wei02.wang/explore/cs-explore/build/dynamic_lib/CMakeFiles/3.23.2/CompilerIdC/a.out"

Compiling the CXX compiler identification source file "CMakeCXXCompilerId.cpp" succeeded.
Compiler: /home/wei02.wang/tools/llvm/14.0.0/clang+llvm-14.0.0-x86_64-linux-gnu-ubuntu-18.04/bin/clang++ 
Build flags: 
Id flags:  

The output was:
0


Compilation of the CXX compiler identification source "CMakeCXXCompilerId.cpp" produced "a.out"

The CXX compiler identification is Clang, found in "/home/wei02.wang/explore/cs-explore/build/dynamic_lib/CMakeFiles/3.23.2/CompilerIdCXX/a.out"

Detecting C compiler ABI info compiled with the following output:
Change Dir: /home/wei02.wang/explore/cs-explore/build/dynamic_lib/CMakeFiles/CMakeTmp

Run Build Command(s):/home/wei02.wang/explore/google/depot_tools/ninja cmTC_2d450 && [1/2] Building C object CMakeFiles/cmTC_2d450.dir/CMakeCCompilerABI.c.o
clang version 14.0.0
Target: x86_64-unknown-linux-gnu
Thread model: posix
InstalledDir: /home/wei02.wang/tools/llvm/14.0.0/clang+llvm-14.0.0-x86_64-linux-gnu-ubuntu-18.04/bin
Found candidate GCC installation: /usr/lib/gcc/x86_64-linux-gnu/5
Found candidate GCC installation: /usr/lib/gcc/x86_64-linux-gnu/5.5.0
Found candidate GCC installation: /usr/lib/gcc/x86_64-linux-gnu/7
Found candidate GCC installation: /usr/lib/gcc/x86_64-linux-gnu/7.5.0
Found candidate GCC installation: /usr/lib/gcc/x86_64-linux-gnu/8
Selected GCC installation: /usr/lib/gcc/x86_64-linux-gnu/7.5.0
Candidate multilib: .;@m64
Selected multilib: .;@m64
 (in-process)
 "/home/wei02.wang/tools/llvm/14.0.0/clang+llvm-14.0.0-x86_64-linux-gnu-ubuntu-18.04/bin/clang-14" -cc1 -triple x86_64-unknown-linux-gnu -emit-obj -mrelax-all --mrelax-relocations -disable-free -clear-ast-before-backend -disable-llvm-verifier -discard-value-names -main-file-name CMakeCCompilerABI.c -mrelocation-model static -mframe-pointer=all -fmath-errno -ffp-contract=on -fno-rounding-math -mconstructor-aliases -funwind-tables=2 -target-cpu x86-64 -tune-cpu generic -mllvm -treat-scalable-fixed-error-as-warning -debugger-tuning=gdb -v -fcoverage-compilation-dir=/home/wei02.wang/explore/cs-explore/build/dynamic_lib/CMakeFiles/CMakeTmp -resource-dir /home/wei02.wang/tools/llvm/14.0.0/clang+llvm-14.0.0-x86_64-linux-gnu-ubuntu-18.04/lib/clang/14.0.0 -dependency-file CMakeFiles/cmTC_2d450.dir/CMakeCCompilerABI.c.o.d -MT CMakeFiles/cmTC_2d450.dir/CMakeCCompilerABI.c.o -sys-header-deps -internal-isystem /home/wei02.wang/tools/llvm/14.0.0/clang+llvm-14.0.0-x86_64-linux-gnu-ubuntu-18.04/lib/clang/14.0.0/include -internal-isystem /usr/local/include -internal-isystem /usr/lib/gcc/x86_64-linux-gnu/7.5.0/../../../../x86_64-linux-gnu/include -internal-externc-isystem /usr/include/x86_64-linux-gnu -internal-externc-isystem /include -internal-externc-isystem /usr/include -fdebug-compilation-dir=/home/wei02.wang/explore/cs-explore/build/dynamic_lib/CMakeFiles/CMakeTmp -ferror-limit 19 -fgnuc-version=4.2.1 -faddrsig -D__GCC_HAVE_DWARF2_CFI_ASM=1 -o CMakeFiles/cmTC_2d450.dir/CMakeCCompilerABI.c.o -x c /home/wei02.wang/tools/cmake-3.23.2-linux-x86_64/share/cmake-3.23/Modules/CMakeCCompilerABI.c
clang -cc1 version 14.0.0 based upon LLVM 14.0.0 default target x86_64-unknown-linux-gnu
ignoring nonexistent directory "/usr/lib/gcc/x86_64-linux-gnu/7.5.0/../../../../x86_64-linux-gnu/include"
ignoring nonexistent directory "/include"
#include "..." search starts here:
#include <...> search starts here:
 /home/wei02.wang/tools/llvm/14.0.0/clang+llvm-14.0.0-x86_64-linux-gnu-ubuntu-18.04/lib/clang/14.0.0/include
 /usr/local/include
 /usr/include/x86_64-linux-gnu
 /usr/include
End of search list.
[2/2] Linking C executable cmTC_2d450
clang version 14.0.0
Target: x86_64-unknown-linux-gnu
Thread model: posix
InstalledDir: /home/wei02.wang/tools/llvm/14.0.0/clang+llvm-14.0.0-x86_64-linux-gnu-ubuntu-18.04/bin
Found candidate GCC installation: /usr/lib/gcc/x86_64-linux-gnu/5
Found candidate GCC installation: /usr/lib/gcc/x86_64-linux-gnu/5.5.0
Found candidate GCC installation: /usr/lib/gcc/x86_64-linux-gnu/7
Found candidate GCC installation: /usr/lib/gcc/x86_64-linux-gnu/7.5.0
Found candidate GCC installation: /usr/lib/gcc/x86_64-linux-gnu/8
Selected GCC installation: /usr/lib/gcc/x86_64-linux-gnu/7.5.0
Candidate multilib: .;@m64
Selected multilib: .;@m64
 "/usr/bin/ld" -z relro --hash-style=gnu --eh-frame-hdr -m elf_x86_64 -dynamic-linker /lib64/ld-linux-x86-64.so.2 -o cmTC_2d450 /usr/lib/x86_64-linux-gnu/crt1.o /usr/lib/x86_64-linux-gnu/crti.o /usr/lib/gcc/x86_64-linux-gnu/7.5.0/crtbegin.o -L/home/wei02.wang/tools/llvm/14.0.0/clang+llvm-14.0.0-x86_64-linux-gnu-ubuntu-18.04/bin/../lib/x86_64-unknown-linux-gnu -L/usr/lib/gcc/x86_64-linux-gnu/7.5.0 -L/lib/x86_64-linux-gnu -L/lib/../lib64 -L/usr/lib/x86_64-linux-gnu -L/home/wei02.wang/tools/llvm/14.0.0/clang+llvm-14.0.0-x86_64-linux-gnu-ubuntu-18.04/bin/../lib -L/lib -L/usr/lib CMakeFiles/cmTC_2d450.dir/CMakeCCompilerABI.c.o -lgcc --as-needed -lgcc_s --no-as-needed -lc -lgcc --as-needed -lgcc_s --no-as-needed /usr/lib/gcc/x86_64-linux-gnu/7.5.0/crtend.o /usr/lib/x86_64-linux-gnu/crtn.o



Parsed C implicit include dir info from above output: rv=done
  found start of include info
  found start of implicit include info
    add: [/home/wei02.wang/tools/llvm/14.0.0/clang+llvm-14.0.0-x86_64-linux-gnu-ubuntu-18.04/lib/clang/14.0.0/include]
    add: [/usr/local/include]
    add: [/usr/include/x86_64-linux-gnu]
    add: [/usr/include]
  end of search list found
  collapse include dir [/home/wei02.wang/tools/llvm/14.0.0/clang+llvm-14.0.0-x86_64-linux-gnu-ubuntu-18.04/lib/clang/14.0.0/include] ==> [/home/wei02.wang/tools/llvm/14.0.0/clang+llvm-14.0.0-x86_64-linux-gnu-ubuntu-18.04/lib/clang/14.0.0/include]
  collapse include dir [/usr/local/include] ==> [/usr/local/include]
  collapse include dir [/usr/include/x86_64-linux-gnu] ==> [/usr/include/x86_64-linux-gnu]
  collapse include dir [/usr/include] ==> [/usr/include]
  implicit include dirs: [/home/wei02.wang/tools/llvm/14.0.0/clang+llvm-14.0.0-x86_64-linux-gnu-ubuntu-18.04/lib/clang/14.0.0/include;/usr/local/include;/usr/include/x86_64-linux-gnu;/usr/include]


Parsed C implicit link information from above output:
  link line regex: [^( *|.*[/\])(ld\.lld|CMAKE_LINK_STARTFILE-NOTFOUND|([^/\]+-)?ld|collect2)[^/\]*( |$)]
  ignore line: [Change Dir: /home/wei02.wang/explore/cs-explore/build/dynamic_lib/CMakeFiles/CMakeTmp]
  ignore line: []
  ignore line: [Run Build Command(s):/home/wei02.wang/explore/google/depot_tools/ninja cmTC_2d450 && [1/2] Building C object CMakeFiles/cmTC_2d450.dir/CMakeCCompilerABI.c.o]
  ignore line: [clang version 14.0.0]
  ignore line: [Target: x86_64-unknown-linux-gnu]
  ignore line: [Thread model: posix]
  ignore line: [InstalledDir: /home/wei02.wang/tools/llvm/14.0.0/clang+llvm-14.0.0-x86_64-linux-gnu-ubuntu-18.04/bin]
  ignore line: [Found candidate GCC installation: /usr/lib/gcc/x86_64-linux-gnu/5]
  ignore line: [Found candidate GCC installation: /usr/lib/gcc/x86_64-linux-gnu/5.5.0]
  ignore line: [Found candidate GCC installation: /usr/lib/gcc/x86_64-linux-gnu/7]
  ignore line: [Found candidate GCC installation: /usr/lib/gcc/x86_64-linux-gnu/7.5.0]
  ignore line: [Found candidate GCC installation: /usr/lib/gcc/x86_64-linux-gnu/8]
  ignore line: [Selected GCC installation: /usr/lib/gcc/x86_64-linux-gnu/7.5.0]
  ignore line: [Candidate multilib: .]
  ignore line: [@m64]
  ignore line: [Selected multilib: .]
  ignore line: [@m64]
  ignore line: [ (in-process)]
  ignore line: [ "/home/wei02.wang/tools/llvm/14.0.0/clang+llvm-14.0.0-x86_64-linux-gnu-ubuntu-18.04/bin/clang-14" -cc1 -triple x86_64-unknown-linux-gnu -emit-obj -mrelax-all --mrelax-relocations -disable-free -clear-ast-before-backend -disable-llvm-verifier -discard-value-names -main-file-name CMakeCCompilerABI.c -mrelocation-model static -mframe-pointer=all -fmath-errno -ffp-contract=on -fno-rounding-math -mconstructor-aliases -funwind-tables=2 -target-cpu x86-64 -tune-cpu generic -mllvm -treat-scalable-fixed-error-as-warning -debugger-tuning=gdb -v -fcoverage-compilation-dir=/home/wei02.wang/explore/cs-explore/build/dynamic_lib/CMakeFiles/CMakeTmp -resource-dir /home/wei02.wang/tools/llvm/14.0.0/clang+llvm-14.0.0-x86_64-linux-gnu-ubuntu-18.04/lib/clang/14.0.0 -dependency-file CMakeFiles/cmTC_2d450.dir/CMakeCCompilerABI.c.o.d -MT CMakeFiles/cmTC_2d450.dir/CMakeCCompilerABI.c.o -sys-header-deps -internal-isystem /home/wei02.wang/tools/llvm/14.0.0/clang+llvm-14.0.0-x86_64-linux-gnu-ubuntu-18.04/lib/clang/14.0.0/include -internal-isystem /usr/local/include -internal-isystem /usr/lib/gcc/x86_64-linux-gnu/7.5.0/../../../../x86_64-linux-gnu/include -internal-externc-isystem /usr/include/x86_64-linux-gnu -internal-externc-isystem /include -internal-externc-isystem /usr/include -fdebug-compilation-dir=/home/wei02.wang/explore/cs-explore/build/dynamic_lib/CMakeFiles/CMakeTmp -ferror-limit 19 -fgnuc-version=4.2.1 -faddrsig -D__GCC_HAVE_DWARF2_CFI_ASM=1 -o CMakeFiles/cmTC_2d450.dir/CMakeCCompilerABI.c.o -x c /home/wei02.wang/tools/cmake-3.23.2-linux-x86_64/share/cmake-3.23/Modules/CMakeCCompilerABI.c]
  ignore line: [clang -cc1 version 14.0.0 based upon LLVM 14.0.0 default target x86_64-unknown-linux-gnu]
  ignore line: [ignoring nonexistent directory "/usr/lib/gcc/x86_64-linux-gnu/7.5.0/../../../../x86_64-linux-gnu/include"]
  ignore line: [ignoring nonexistent directory "/include"]
  ignore line: [#include "..." search starts here:]
  ignore line: [#include <...> search starts here:]
  ignore line: [ /home/wei02.wang/tools/llvm/14.0.0/clang+llvm-14.0.0-x86_64-linux-gnu-ubuntu-18.04/lib/clang/14.0.0/include]
  ignore line: [ /usr/local/include]
  ignore line: [ /usr/include/x86_64-linux-gnu]
  ignore line: [ /usr/include]
  ignore line: [End of search list.]
  ignore line: [[2/2] Linking C executable cmTC_2d450]
  ignore line: [clang version 14.0.0]
  ignore line: [Target: x86_64-unknown-linux-gnu]
  ignore line: [Thread model: posix]
  ignore line: [InstalledDir: /home/wei02.wang/tools/llvm/14.0.0/clang+llvm-14.0.0-x86_64-linux-gnu-ubuntu-18.04/bin]
  ignore line: [Found candidate GCC installation: /usr/lib/gcc/x86_64-linux-gnu/5]
  ignore line: [Found candidate GCC installation: /usr/lib/gcc/x86_64-linux-gnu/5.5.0]
  ignore line: [Found candidate GCC installation: /usr/lib/gcc/x86_64-linux-gnu/7]
  ignore line: [Found candidate GCC installation: /usr/lib/gcc/x86_64-linux-gnu/7.5.0]
  ignore line: [Found candidate GCC installation: /usr/lib/gcc/x86_64-linux-gnu/8]
  ignore line: [Selected GCC installation: /usr/lib/gcc/x86_64-linux-gnu/7.5.0]
  ignore line: [Candidate multilib: .]
  ignore line: [@m64]
  ignore line: [Selected multilib: .]
  ignore line: [@m64]
  link line: [ "/usr/bin/ld" -z relro --hash-style=gnu --eh-frame-hdr -m elf_x86_64 -dynamic-linker /lib64/ld-linux-x86-64.so.2 -o cmTC_2d450 /usr/lib/x86_64-linux-gnu/crt1.o /usr/lib/x86_64-linux-gnu/crti.o /usr/lib/gcc/x86_64-linux-gnu/7.5.0/crtbegin.o -L/home/wei02.wang/tools/llvm/14.0.0/clang+llvm-14.0.0-x86_64-linux-gnu-ubuntu-18.04/bin/../lib/x86_64-unknown-linux-gnu -L/usr/lib/gcc/x86_64-linux-gnu/7.5.0 -L/lib/x86_64-linux-gnu -L/lib/../lib64 -L/usr/lib/x86_64-linux-gnu -L/home/wei02.wang/tools/llvm/14.0.0/clang+llvm-14.0.0-x86_64-linux-gnu-ubuntu-18.04/bin/../lib -L/lib -L/usr/lib CMakeFiles/cmTC_2d450.dir/CMakeCCompilerABI.c.o -lgcc --as-needed -lgcc_s --no-as-needed -lc -lgcc --as-needed -lgcc_s --no-as-needed /usr/lib/gcc/x86_64-linux-gnu/7.5.0/crtend.o /usr/lib/x86_64-linux-gnu/crtn.o]
    arg [/usr/bin/ld] ==> ignore
    arg [-zrelro] ==> ignore
    arg [--hash-style=gnu] ==> ignore
    arg [--eh-frame-hdr] ==> ignore
    arg [-m] ==> ignore
    arg [elf_x86_64] ==> ignore
    arg [-dynamic-linker] ==> ignore
    arg [/lib64/ld-linux-x86-64.so.2] ==> ignore
    arg [-o] ==> ignore
    arg [cmTC_2d450] ==> ignore
    arg [/usr/lib/x86_64-linux-gnu/crt1.o] ==> obj [/usr/lib/x86_64-linux-gnu/crt1.o]
    arg [/usr/lib/x86_64-linux-gnu/crti.o] ==> obj [/usr/lib/x86_64-linux-gnu/crti.o]
    arg [/usr/lib/gcc/x86_64-linux-gnu/7.5.0/crtbegin.o] ==> obj [/usr/lib/gcc/x86_64-linux-gnu/7.5.0/crtbegin.o]
    arg [-L/home/wei02.wang/tools/llvm/14.0.0/clang+llvm-14.0.0-x86_64-linux-gnu-ubuntu-18.04/bin/../lib/x86_64-unknown-linux-gnu] ==> dir [/home/wei02.wang/tools/llvm/14.0.0/clang+llvm-14.0.0-x86_64-linux-gnu-ubuntu-18.04/bin/../lib/x86_64-unknown-linux-gnu]
    arg [-L/usr/lib/gcc/x86_64-linux-gnu/7.5.0] ==> dir [/usr/lib/gcc/x86_64-linux-gnu/7.5.0]
    arg [-L/lib/x86_64-linux-gnu] ==> dir [/lib/x86_64-linux-gnu]
    arg [-L/lib/../lib64] ==> dir [/lib/../lib64]
    arg [-L/usr/lib/x86_64-linux-gnu] ==> dir [/usr/lib/x86_64-linux-gnu]
    arg [-L/home/wei02.wang/tools/llvm/14.0.0/clang+llvm-14.0.0-x86_64-linux-gnu-ubuntu-18.04/bin/../lib] ==> dir [/home/wei02.wang/tools/llvm/14.0.0/clang+llvm-14.0.0-x86_64-linux-gnu-ubuntu-18.04/bin/../lib]
    arg [-L/lib] ==> dir [/lib]
    arg [-L/usr/lib] ==> dir [/usr/lib]
    arg [CMakeFiles/cmTC_2d450.dir/CMakeCCompilerABI.c.o] ==> ignore
    arg [-lgcc] ==> lib [gcc]
    arg [--as-needed] ==> ignore
    arg [-lgcc_s] ==> lib [gcc_s]
    arg [--no-as-needed] ==> ignore
    arg [-lc] ==> lib [c]
    arg [-lgcc] ==> lib [gcc]
    arg [--as-needed] ==> ignore
    arg [-lgcc_s] ==> lib [gcc_s]
    arg [--no-as-needed] ==> ignore
    arg [/usr/lib/gcc/x86_64-linux-gnu/7.5.0/crtend.o] ==> obj [/usr/lib/gcc/x86_64-linux-gnu/7.5.0/crtend.o]
    arg [/usr/lib/x86_64-linux-gnu/crtn.o] ==> obj [/usr/lib/x86_64-linux-gnu/crtn.o]
  collapse library dir [/home/wei02.wang/tools/llvm/14.0.0/clang+llvm-14.0.0-x86_64-linux-gnu-ubuntu-18.04/bin/../lib/x86_64-unknown-linux-gnu] ==> [/home/wei02.wang/tools/llvm/14.0.0/clang+llvm-14.0.0-x86_64-linux-gnu-ubuntu-18.04/lib/x86_64-unknown-linux-gnu]
  collapse library dir [/usr/lib/gcc/x86_64-linux-gnu/7.5.0] ==> [/usr/lib/gcc/x86_64-linux-gnu/7.5.0]
  collapse library dir [/lib/x86_64-linux-gnu] ==> [/lib/x86_64-linux-gnu]
  collapse library dir [/lib/../lib64] ==> [/lib64]
  collapse library dir [/usr/lib/x86_64-linux-gnu] ==> [/usr/lib/x86_64-linux-gnu]
  collapse library dir [/home/wei02.wang/tools/llvm/14.0.0/clang+llvm-14.0.0-x86_64-linux-gnu-ubuntu-18.04/bin/../lib] ==> [/home/wei02.wang/tools/llvm/14.0.0/clang+llvm-14.0.0-x86_64-linux-gnu-ubuntu-18.04/lib]
  collapse library dir [/lib] ==> [/lib]
  collapse library dir [/usr/lib] ==> [/usr/lib]
  implicit libs: [gcc;gcc_s;c;gcc;gcc_s]
  implicit objs: [/usr/lib/x86_64-linux-gnu/crt1.o;/usr/lib/x86_64-linux-gnu/crti.o;/usr/lib/gcc/x86_64-linux-gnu/7.5.0/crtbegin.o;/usr/lib/gcc/x86_64-linux-gnu/7.5.0/crtend.o;/usr/lib/x86_64-linux-gnu/crtn.o]
  implicit dirs: [/home/wei02.wang/tools/llvm/14.0.0/clang+llvm-14.0.0-x86_64-linux-gnu-ubuntu-18.04/lib/x86_64-unknown-linux-gnu;/usr/lib/gcc/x86_64-linux-gnu/7.5.0;/lib/x86_64-linux-gnu;/lib64;/usr/lib/x86_64-linux-gnu;/home/wei02.wang/tools/llvm/14.0.0/clang+llvm-14.0.0-x86_64-linux-gnu-ubuntu-18.04/lib;/lib;/usr/lib]
  implicit fwks: []


Detecting CXX compiler ABI info compiled with the following output:
Change Dir: /home/wei02.wang/explore/cs-explore/build/dynamic_lib/CMakeFiles/CMakeTmp

Run Build Command(s):/home/wei02.wang/explore/google/depot_tools/ninja cmTC_0d53d && [1/2] Building CXX object CMakeFiles/cmTC_0d53d.dir/CMakeCXXCompilerABI.cpp.o
clang version 14.0.0
Target: x86_64-unknown-linux-gnu
Thread model: posix
InstalledDir: /home/wei02.wang/tools/llvm/14.0.0/clang+llvm-14.0.0-x86_64-linux-gnu-ubuntu-18.04/bin
Found candidate GCC installation: /usr/lib/gcc/x86_64-linux-gnu/5
Found candidate GCC installation: /usr/lib/gcc/x86_64-linux-gnu/5.5.0
Found candidate GCC installation: /usr/lib/gcc/x86_64-linux-gnu/7
Found candidate GCC installation: /usr/lib/gcc/x86_64-linux-gnu/7.5.0
Found candidate GCC installation: /usr/lib/gcc/x86_64-linux-gnu/8
Selected GCC installation: /usr/lib/gcc/x86_64-linux-gnu/7.5.0
Candidate multilib: .;@m64
Selected multilib: .;@m64
 (in-process)
 "/home/wei02.wang/tools/llvm/14.0.0/clang+llvm-14.0.0-x86_64-linux-gnu-ubuntu-18.04/bin/clang-14" -cc1 -triple x86_64-unknown-linux-gnu -emit-obj -mrelax-all --mrelax-relocations -disable-free -clear-ast-before-backend -disable-llvm-verifier -discard-value-names -main-file-name CMakeCXXCompilerABI.cpp -mrelocation-model static -mframe-pointer=all -fmath-errno -ffp-contract=on -fno-rounding-math -mconstructor-aliases -funwind-tables=2 -target-cpu x86-64 -tune-cpu generic -mllvm -treat-scalable-fixed-error-as-warning -debugger-tuning=gdb -v -fcoverage-compilation-dir=/home/wei02.wang/explore/cs-explore/build/dynamic_lib/CMakeFiles/CMakeTmp -resource-dir /home/wei02.wang/tools/llvm/14.0.0/clang+llvm-14.0.0-x86_64-linux-gnu-ubuntu-18.04/lib/clang/14.0.0 -dependency-file CMakeFiles/cmTC_0d53d.dir/CMakeCXXCompilerABI.cpp.o.d -MT CMakeFiles/cmTC_0d53d.dir/CMakeCXXCompilerABI.cpp.o -sys-header-deps -internal-isystem /usr/lib/gcc/x86_64-linux-gnu/7.5.0/../../../../include/c++/7.5.0 -internal-isystem /usr/lib/gcc/x86_64-linux-gnu/7.5.0/../../../../include/x86_64-linux-gnu/c++/7.5.0 -internal-isystem /usr/lib/gcc/x86_64-linux-gnu/7.5.0/../../../../include/c++/7.5.0/backward -internal-isystem /home/wei02.wang/tools/llvm/14.0.0/clang+llvm-14.0.0-x86_64-linux-gnu-ubuntu-18.04/lib/clang/14.0.0/include -internal-isystem /usr/local/include -internal-isystem /usr/lib/gcc/x86_64-linux-gnu/7.5.0/../../../../x86_64-linux-gnu/include -internal-externc-isystem /usr/include/x86_64-linux-gnu -internal-externc-isystem /include -internal-externc-isystem /usr/include -fdeprecated-macro -fdebug-compilation-dir=/home/wei02.wang/explore/cs-explore/build/dynamic_lib/CMakeFiles/CMakeTmp -ferror-limit 19 -fgnuc-version=4.2.1 -fcxx-exceptions -fexceptions -faddrsig -D__GCC_HAVE_DWARF2_CFI_ASM=1 -o CMakeFiles/cmTC_0d53d.dir/CMakeCXXCompilerABI.cpp.o -x c++ /home/wei02.wang/tools/cmake-3.23.2-linux-x86_64/share/cmake-3.23/Modules/CMakeCXXCompilerABI.cpp
clang -cc1 version 14.0.0 based upon LLVM 14.0.0 default target x86_64-unknown-linux-gnu
ignoring nonexistent directory "/usr/lib/gcc/x86_64-linux-gnu/7.5.0/../../../../x86_64-linux-gnu/include"
ignoring nonexistent directory "/include"
#include "..." search starts here:
#include <...> search starts here:
 /usr/lib/gcc/x86_64-linux-gnu/7.5.0/../../../../include/c++/7.5.0
 /usr/lib/gcc/x86_64-linux-gnu/7.5.0/../../../../include/x86_64-linux-gnu/c++/7.5.0
 /usr/lib/gcc/x86_64-linux-gnu/7.5.0/../../../../include/c++/7.5.0/backward
 /home/wei02.wang/tools/llvm/14.0.0/clang+llvm-14.0.0-x86_64-linux-gnu-ubuntu-18.04/lib/clang/14.0.0/include
 /usr/local/include
 /usr/include/x86_64-linux-gnu
 /usr/include
End of search list.
[2/2] Linking CXX executable cmTC_0d53d
clang version 14.0.0
Target: x86_64-unknown-linux-gnu
Thread model: posix
InstalledDir: /home/wei02.wang/tools/llvm/14.0.0/clang+llvm-14.0.0-x86_64-linux-gnu-ubuntu-18.04/bin
Found candidate GCC installation: /usr/lib/gcc/x86_64-linux-gnu/5
Found candidate GCC installation: /usr/lib/gcc/x86_64-linux-gnu/5.5.0
Found candidate GCC installation: /usr/lib/gcc/x86_64-linux-gnu/7
Found candidate GCC installation: /usr/lib/gcc/x86_64-linux-gnu/7.5.0
Found candidate GCC installation: /usr/lib/gcc/x86_64-linux-gnu/8
Selected GCC installation: /usr/lib/gcc/x86_64-linux-gnu/7.5.0
Candidate multilib: .;@m64
Selected multilib: .;@m64
 "/usr/bin/ld" -z relro --hash-style=gnu --eh-frame-hdr -m elf_x86_64 -dynamic-linker /lib64/ld-linux-x86-64.so.2 -o cmTC_0d53d /usr/lib/x86_64-linux-gnu/crt1.o /usr/lib/x86_64-linux-gnu/crti.o /usr/lib/gcc/x86_64-linux-gnu/7.5.0/crtbegin.o -L/home/wei02.wang/tools/llvm/14.0.0/clang+llvm-14.0.0-x86_64-linux-gnu-ubuntu-18.04/bin/../lib/x86_64-unknown-linux-gnu -L/usr/lib/gcc/x86_64-linux-gnu/7.5.0 -L/lib/x86_64-linux-gnu -L/lib/../lib64 -L/usr/lib/x86_64-linux-gnu -L/home/wei02.wang/tools/llvm/14.0.0/clang+llvm-14.0.0-x86_64-linux-gnu-ubuntu-18.04/bin/../lib -L/lib -L/usr/lib CMakeFiles/cmTC_0d53d.dir/CMakeCXXCompilerABI.cpp.o -lstdc++ -lm -lgcc_s -lgcc -lc -lgcc_s -lgcc /usr/lib/gcc/x86_64-linux-gnu/7.5.0/crtend.o /usr/lib/x86_64-linux-gnu/crtn.o



Parsed CXX implicit include dir info from above output: rv=done
  found start of include info
  found start of implicit include info
    add: [/usr/lib/gcc/x86_64-linux-gnu/7.5.0/../../../../include/c++/7.5.0]
    add: [/usr/lib/gcc/x86_64-linux-gnu/7.5.0/../../../../include/x86_64-linux-gnu/c++/7.5.0]
    add: [/usr/lib/gcc/x86_64-linux-gnu/7.5.0/../../../../include/c++/7.5.0/backward]
    add: [/home/wei02.wang/tools/llvm/14.0.0/clang+llvm-14.0.0-x86_64-linux-gnu-ubuntu-18.04/lib/clang/14.0.0/include]
    add: [/usr/local/include]
    add: [/usr/include/x86_64-linux-gnu]
    add: [/usr/include]
  end of search list found
  collapse include dir [/usr/lib/gcc/x86_64-linux-gnu/7.5.0/../../../../include/c++/7.5.0] ==> [/usr/include/c++/7.5.0]
  collapse include dir [/usr/lib/gcc/x86_64-linux-gnu/7.5.0/../../../../include/x86_64-linux-gnu/c++/7.5.0] ==> [/usr/include/x86_64-linux-gnu/c++/7.5.0]
  collapse include dir [/usr/lib/gcc/x86_64-linux-gnu/7.5.0/../../../../include/c++/7.5.0/backward] ==> [/usr/include/c++/7.5.0/backward]
  collapse include dir [/home/wei02.wang/tools/llvm/14.0.0/clang+llvm-14.0.0-x86_64-linux-gnu-ubuntu-18.04/lib/clang/14.0.0/include] ==> [/home/wei02.wang/tools/llvm/14.0.0/clang+llvm-14.0.0-x86_64-linux-gnu-ubuntu-18.04/lib/clang/14.0.0/include]
  collapse include dir [/usr/local/include] ==> [/usr/local/include]
  collapse include dir [/usr/include/x86_64-linux-gnu] ==> [/usr/include/x86_64-linux-gnu]
  collapse include dir [/usr/include] ==> [/usr/include]
  implicit include dirs: [/usr/include/c++/7.5.0;/usr/include/x86_64-linux-gnu/c++/7.5.0;/usr/include/c++/7.5.0/backward;/home/wei02.wang/tools/llvm/14.0.0/clang+llvm-14.0.0-x86_64-linux-gnu-ubuntu-18.04/lib/clang/14.0.0/include;/usr/local/include;/usr/include/x86_64-linux-gnu;/usr/include]


Parsed CXX implicit link information from above output:
  link line regex: [^( *|.*[/\])(ld\.lld|CMAKE_LINK_STARTFILE-NOTFOUND|([^/\]+-)?ld|collect2)[^/\]*( |$)]
  ignore line: [Change Dir: /home/wei02.wang/explore/cs-explore/build/dynamic_lib/CMakeFiles/CMakeTmp]
  ignore line: []
  ignore line: [Run Build Command(s):/home/wei02.wang/explore/google/depot_tools/ninja cmTC_0d53d && [1/2] Building CXX object CMakeFiles/cmTC_0d53d.dir/CMakeCXXCompilerABI.cpp.o]
  ignore line: [clang version 14.0.0]
  ignore line: [Target: x86_64-unknown-linux-gnu]
  ignore line: [Thread model: posix]
  ignore line: [InstalledDir: /home/wei02.wang/tools/llvm/14.0.0/clang+llvm-14.0.0-x86_64-linux-gnu-ubuntu-18.04/bin]
  ignore line: [Found candidate GCC installation: /usr/lib/gcc/x86_64-linux-gnu/5]
  ignore line: [Found candidate GCC installation: /usr/lib/gcc/x86_64-linux-gnu/5.5.0]
  ignore line: [Found candidate GCC installation: /usr/lib/gcc/x86_64-linux-gnu/7]
  ignore line: [Found candidate GCC installation: /usr/lib/gcc/x86_64-linux-gnu/7.5.0]
  ignore line: [Found candidate GCC installation: /usr/lib/gcc/x86_64-linux-gnu/8]
  ignore line: [Selected GCC installation: /usr/lib/gcc/x86_64-linux-gnu/7.5.0]
  ignore line: [Candidate multilib: .]
  ignore line: [@m64]
  ignore line: [Selected multilib: .]
  ignore line: [@m64]
  ignore line: [ (in-process)]
  ignore line: [ "/home/wei02.wang/tools/llvm/14.0.0/clang+llvm-14.0.0-x86_64-linux-gnu-ubuntu-18.04/bin/clang-14" -cc1 -triple x86_64-unknown-linux-gnu -emit-obj -mrelax-all --mrelax-relocations -disable-free -clear-ast-before-backend -disable-llvm-verifier -discard-value-names -main-file-name CMakeCXXCompilerABI.cpp -mrelocation-model static -mframe-pointer=all -fmath-errno -ffp-contract=on -fno-rounding-math -mconstructor-aliases -funwind-tables=2 -target-cpu x86-64 -tune-cpu generic -mllvm -treat-scalable-fixed-error-as-warning -debugger-tuning=gdb -v -fcoverage-compilation-dir=/home/wei02.wang/explore/cs-explore/build/dynamic_lib/CMakeFiles/CMakeTmp -resource-dir /home/wei02.wang/tools/llvm/14.0.0/clang+llvm-14.0.0-x86_64-linux-gnu-ubuntu-18.04/lib/clang/14.0.0 -dependency-file CMakeFiles/cmTC_0d53d.dir/CMakeCXXCompilerABI.cpp.o.d -MT CMakeFiles/cmTC_0d53d.dir/CMakeCXXCompilerABI.cpp.o -sys-header-deps -internal-isystem /usr/lib/gcc/x86_64-linux-gnu/7.5.0/../../../../include/c++/7.5.0 -internal-isystem /usr/lib/gcc/x86_64-linux-gnu/7.5.0/../../../../include/x86_64-linux-gnu/c++/7.5.0 -internal-isystem /usr/lib/gcc/x86_64-linux-gnu/7.5.0/../../../../include/c++/7.5.0/backward -internal-isystem /home/wei02.wang/tools/llvm/14.0.0/clang+llvm-14.0.0-x86_64-linux-gnu-ubuntu-18.04/lib/clang/14.0.0/include -internal-isystem /usr/local/include -internal-isystem /usr/lib/gcc/x86_64-linux-gnu/7.5.0/../../../../x86_64-linux-gnu/include -internal-externc-isystem /usr/include/x86_64-linux-gnu -internal-externc-isystem /include -internal-externc-isystem /usr/include -fdeprecated-macro -fdebug-compilation-dir=/home/wei02.wang/explore/cs-explore/build/dynamic_lib/CMakeFiles/CMakeTmp -ferror-limit 19 -fgnuc-version=4.2.1 -fcxx-exceptions -fexceptions -faddrsig -D__GCC_HAVE_DWARF2_CFI_ASM=1 -o CMakeFiles/cmTC_0d53d.dir/CMakeCXXCompilerABI.cpp.o -x c++ /home/wei02.wang/tools/cmake-3.23.2-linux-x86_64/share/cmake-3.23/Modules/CMakeCXXCompilerABI.cpp]
  ignore line: [clang -cc1 version 14.0.0 based upon LLVM 14.0.0 default target x86_64-unknown-linux-gnu]
  ignore line: [ignoring nonexistent directory "/usr/lib/gcc/x86_64-linux-gnu/7.5.0/../../../../x86_64-linux-gnu/include"]
  ignore line: [ignoring nonexistent directory "/include"]
  ignore line: [#include "..." search starts here:]
  ignore line: [#include <...> search starts here:]
  ignore line: [ /usr/lib/gcc/x86_64-linux-gnu/7.5.0/../../../../include/c++/7.5.0]
  ignore line: [ /usr/lib/gcc/x86_64-linux-gnu/7.5.0/../../../../include/x86_64-linux-gnu/c++/7.5.0]
  ignore line: [ /usr/lib/gcc/x86_64-linux-gnu/7.5.0/../../../../include/c++/7.5.0/backward]
  ignore line: [ /home/wei02.wang/tools/llvm/14.0.0/clang+llvm-14.0.0-x86_64-linux-gnu-ubuntu-18.04/lib/clang/14.0.0/include]
  ignore line: [ /usr/local/include]
  ignore line: [ /usr/include/x86_64-linux-gnu]
  ignore line: [ /usr/include]
  ignore line: [End of search list.]
  ignore line: [[2/2] Linking CXX executable cmTC_0d53d]
  ignore line: [clang version 14.0.0]
  ignore line: [Target: x86_64-unknown-linux-gnu]
  ignore line: [Thread model: posix]
  ignore line: [InstalledDir: /home/wei02.wang/tools/llvm/14.0.0/clang+llvm-14.0.0-x86_64-linux-gnu-ubuntu-18.04/bin]
  ignore line: [Found candidate GCC installation: /usr/lib/gcc/x86_64-linux-gnu/5]
  ignore line: [Found candidate GCC installation: /usr/lib/gcc/x86_64-linux-gnu/5.5.0]
  ignore line: [Found candidate GCC installation: /usr/lib/gcc/x86_64-linux-gnu/7]
  ignore line: [Found candidate GCC installation: /usr/lib/gcc/x86_64-linux-gnu/7.5.0]
  ignore line: [Found candidate GCC installation: /usr/lib/gcc/x86_64-linux-gnu/8]
  ignore line: [Selected GCC installation: /usr/lib/gcc/x86_64-linux-gnu/7.5.0]
  ignore line: [Candidate multilib: .]
  ignore line: [@m64]
  ignore line: [Selected multilib: .]
  ignore line: [@m64]
  link line: [ "/usr/bin/ld" -z relro --hash-style=gnu --eh-frame-hdr -m elf_x86_64 -dynamic-linker /lib64/ld-linux-x86-64.so.2 -o cmTC_0d53d /usr/lib/x86_64-linux-gnu/crt1.o /usr/lib/x86_64-linux-gnu/crti.o /usr/lib/gcc/x86_64-linux-gnu/7.5.0/crtbegin.o -L/home/wei02.wang/tools/llvm/14.0.0/clang+llvm-14.0.0-x86_64-linux-gnu-ubuntu-18.04/bin/../lib/x86_64-unknown-linux-gnu -L/usr/lib/gcc/x86_64-linux-gnu/7.5.0 -L/lib/x86_64-linux-gnu -L/lib/../lib64 -L/usr/lib/x86_64-linux-gnu -L/home/wei02.wang/tools/llvm/14.0.0/clang+llvm-14.0.0-x86_64-linux-gnu-ubuntu-18.04/bin/../lib -L/lib -L/usr/lib CMakeFiles/cmTC_0d53d.dir/CMakeCXXCompilerABI.cpp.o -lstdc++ -lm -lgcc_s -lgcc -lc -lgcc_s -lgcc /usr/lib/gcc/x86_64-linux-gnu/7.5.0/crtend.o /usr/lib/x86_64-linux-gnu/crtn.o]
    arg [/usr/bin/ld] ==> ignore
    arg [-zrelro] ==> ignore
    arg [--hash-style=gnu] ==> ignore
    arg [--eh-frame-hdr] ==> ignore
    arg [-m] ==> ignore
    arg [elf_x86_64] ==> ignore
    arg [-dynamic-linker] ==> ignore
    arg [/lib64/ld-linux-x86-64.so.2] ==> ignore
    arg [-o] ==> ignore
    arg [cmTC_0d53d] ==> ignore
    arg [/usr/lib/x86_64-linux-gnu/crt1.o] ==> obj [/usr/lib/x86_64-linux-gnu/crt1.o]
    arg [/usr/lib/x86_64-linux-gnu/crti.o] ==> obj [/usr/lib/x86_64-linux-gnu/crti.o]
    arg [/usr/lib/gcc/x86_64-linux-gnu/7.5.0/crtbegin.o] ==> obj [/usr/lib/gcc/x86_64-linux-gnu/7.5.0/crtbegin.o]
    arg [-L/home/wei02.wang/tools/llvm/14.0.0/clang+llvm-14.0.0-x86_64-linux-gnu-ubuntu-18.04/bin/../lib/x86_64-unknown-linux-gnu] ==> dir [/home/wei02.wang/tools/llvm/14.0.0/clang+llvm-14.0.0-x86_64-linux-gnu-ubuntu-18.04/bin/../lib/x86_64-unknown-linux-gnu]
    arg [-L/usr/lib/gcc/x86_64-linux-gnu/7.5.0] ==> dir [/usr/lib/gcc/x86_64-linux-gnu/7.5.0]
    arg [-L/lib/x86_64-linux-gnu] ==> dir [/lib/x86_64-linux-gnu]
    arg [-L/lib/../lib64] ==> dir [/lib/../lib64]
    arg [-L/usr/lib/x86_64-linux-gnu] ==> dir [/usr/lib/x86_64-linux-gnu]
    arg [-L/home/wei02.wang/tools/llvm/14.0.0/clang+llvm-14.0.0-x86_64-linux-gnu-ubuntu-18.04/bin/../lib] ==> dir [/home/wei02.wang/tools/llvm/14.0.0/clang+llvm-14.0.0-x86_64-linux-gnu-ubuntu-18.04/bin/../lib]
    arg [-L/lib] ==> dir [/lib]
    arg [-L/usr/lib] ==> dir [/usr/lib]
    arg [CMakeFiles/cmTC_0d53d.dir/CMakeCXXCompilerABI.cpp.o] ==> ignore
    arg [-lstdc++] ==> lib [stdc++]
    arg [-lm] ==> lib [m]
    arg [-lgcc_s] ==> lib [gcc_s]
    arg [-lgcc] ==> lib [gcc]
    arg [-lc] ==> lib [c]
    arg [-lgcc_s] ==> lib [gcc_s]
    arg [-lgcc] ==> lib [gcc]
    arg [/usr/lib/gcc/x86_64-linux-gnu/7.5.0/crtend.o] ==> obj [/usr/lib/gcc/x86_64-linux-gnu/7.5.0/crtend.o]
    arg [/usr/lib/x86_64-linux-gnu/crtn.o] ==> obj [/usr/lib/x86_64-linux-gnu/crtn.o]
  collapse library dir [/home/wei02.wang/tools/llvm/14.0.0/clang+llvm-14.0.0-x86_64-linux-gnu-ubuntu-18.04/bin/../lib/x86_64-unknown-linux-gnu] ==> [/home/wei02.wang/tools/llvm/14.0.0/clang+llvm-14.0.0-x86_64-linux-gnu-ubuntu-18.04/lib/x86_64-unknown-linux-gnu]
  collapse library dir [/usr/lib/gcc/x86_64-linux-gnu/7.5.0] ==> [/usr/lib/gcc/x86_64-linux-gnu/7.5.0]
  collapse library dir [/lib/x86_64-linux-gnu] ==> [/lib/x86_64-linux-gnu]
  collapse library dir [/lib/../lib64] ==> [/lib64]
  collapse library dir [/usr/lib/x86_64-linux-gnu] ==> [/usr/lib/x86_64-linux-gnu]
  collapse library dir [/home/wei02.wang/tools/llvm/14.0.0/clang+llvm-14.0.0-x86_64-linux-gnu-ubuntu-18.04/bin/../lib] ==> [/home/wei02.wang/tools/llvm/14.0.0/clang+llvm-14.0.0-x86_64-linux-gnu-ubuntu-18.04/lib]
  collapse library dir [/lib] ==> [/lib]
  collapse library dir [/usr/lib] ==> [/usr/lib]
  implicit libs: [stdc++;m;gcc_s;gcc;c;gcc_s;gcc]
  implicit objs: [/usr/lib/x86_64-linux-gnu/crt1.o;/usr/lib/x86_64-linux-gnu/crti.o;/usr/lib/gcc/x86_64-linux-gnu/7.5.0/crtbegin.o;/usr/lib/gcc/x86_64-linux-gnu/7.5.0/crtend.o;/usr/lib/x86_64-linux-gnu/crtn.o]
  implicit dirs: [/home/wei02.wang/tools/llvm/14.0.0/clang+llvm-14.0.0-x86_64-linux-gnu-ubuntu-18.04/lib/x86_64-unknown-linux-gnu;/usr/lib/gcc/x86_64-linux-gnu/7.5.0;/lib/x86_64-linux-gnu;/lib64;/usr/lib/x86_64-linux-gnu;/home/wei02.wang/tools/llvm/14.0.0/clang+llvm-14.0.0-x86_64-linux-gnu-ubuntu-18.04/lib;/lib;/usr/lib]
  implicit fwks: []


